<?xml version="1.0" encoding="UTF-8"?>
<!-- Generated by org.testng.reporters.JUnitReportReporter -->
<testsuite hostname="Murali" failures="0" tests="1" name="Test.ProductComparisionTC" time="17.772" errors="0" timestamp="2024-11-20T13:21:05 IST" skipped="0">
  <testcase classname="Test.ProductComparisionTC" name="prodComparision" time="17.772"/>
</testsuite> <!-- Test.ProductComparisionTC -->
