<?xml version="1.0" encoding="UTF-8"?>
<!-- Generated by org.testng.reporters.JUnitReportReporter -->
<testsuite hostname="Murali" failures="0" tests="1" name="Test.ActualTest" time="44.279" errors="0" timestamp="2024-11-04T18:32:12 IST" skipped="0">
  <testcase classname="Test.ActualTest" name="checkout" time="44.279"/>
</testsuite> <!-- Test.ActualTest -->
