<?xml version="1.0" encoding="UTF-8"?>
<!-- Generated by org.testng.reporters.JUnitReportReporter -->
<testsuite hostname="Murali" failures="0" tests="1" name="Test.SearchTC" time="34.851" errors="0" timestamp="2024-11-20T17:24:28 IST" skipped="0">
  <testcase classname="Test.SearchTC" name="searchTest" time="34.851"/>
</testsuite> <!-- Test.SearchTC -->
