<?xml version="1.0" encoding="UTF-8"?>
<!-- Generated by org.testng.reporters.JUnitReportReporter -->
<testsuite hostname="Murali" failures="0" tests="1" name="Test.CheckoutTC" time="47.650" errors="0" timestamp="2024-11-19T15:38:01 IST" skipped="0">
  <testcase classname="Test.CheckoutTC" name="checkout" time="47.650"/>
</testsuite> <!-- Test.CheckoutTC -->
