<?xml version="1.0" encoding="UTF-8"?>
<!-- Generated by org.testng.reporters.JUnitReportReporter -->
<testsuite hostname="Murali" failures="0" tests="1" name="Test.AddToCartTC" time="15.437" errors="0" timestamp="2024-11-19T15:37:03 IST" skipped="0">
  <testcase classname="Test.AddToCartTC" name="addToCartTest" time="15.437"/>
</testsuite> <!-- Test.AddToCartTC -->
